Arguments: 
  /usr/local/bin/node /Users/raphaelstrada/.yarn/bin/yarn.js start

PATH: 
  /Users/raphaelstrada/google-cloud-sdk/bin:/Users/raphaelstrada/.yarn/bin:/Users/raphaelstrada/.config/yarn/global/node_modules/.bin:/usr/local/bin:/usr/bin:/bin:/usr/sbin:/sbin:/Library/Apple/usr/bin:/Library/Apple/bin:/Library/Frameworks/Mono.framework/Versions/Current/Commands

Yarn version: 
  1.19.1

Node version: 
  10.15.3

Platform: 
  darwin x64

Trace: 
  SyntaxError: /Users/raphaelstrada/kati/MEAN/MEAN/package.json: Unexpected token { in JSON at position 1614
      at JSON.parse (<anonymous>)
      at /Users/raphaelstrada/.yarn/lib/cli.js:1625:59
      at Generator.next (<anonymous>)
      at step (/Users/raphaelstrada/.yarn/lib/cli.js:304:30)
      at /Users/raphaelstrada/.yarn/lib/cli.js:315:13

npm manifest: 
  {
    "name": "test-app",
    "version": "0.0.0",
    "scripts": {
      "ng": "ng",
      "build": "ng build",
      "test": "ng test",
      "lint": "ng lint",
      "e2e": "ng e2e",
      "postinstall": "ng build --aot -prod",
      "start": "node server.js"
    },
    "private": true,
    "dependencies": {
      "@angular/cli": "^8.3.19",
      "@angular/compiler-cli": "^8.2.14",
      "@angular/animations": "^8.2.14",
      "@angular/cdk": "^7.1.1",
      "@angular/common": "~8.2.14",
      "@angular/compiler": "~8.2.14",
      "@angular/core": "~8.2.14",
      "@angular/forms": "~8.2.14",
      "@angular/material": "^7.1.1",
      "@angular/platform-browser": "~8.2.14",
      "@angular/platform-browser-dynamic": "~8.2.14",
      "@angular/router": "~8.2.14",
      "auth0-js": "^9.8.2",
      "body-parser": "^1.18.3",
      "core-js": "^2.5.4",
      "cors": "^2.8.5",
      "express": "^4.16.4",
      "mongo": "^0.1.0",
      "mongoose": "^5.7.12",
      "nodemon": "^1.18.7",
      "rxjs": "~6.5.3",
      "tslib": "^1.9.0",
      "zone.js": "~0.9.1"
    },
    "devDependencies": {
      "@angular-devkit/build-angular": "^0.803.19",
      "@angular/language-service": "~8.2.14",
      "@types/jasmine": "~2.8.8",
      "@types/jasminewd2": "~2.0.3",
      "@types/node": "~8.9.4",
      "codelyzer": "~4.5.0",
      "jasmine-core": "~2.99.1",
      "jasmine-spec-reporter": "~4.2.1",
      "karma": "^4.4.1",
      "karma-chrome-launcher": "~2.2.0",
      "karma-coverage-istanbul-reporter": "~2.0.1",
      "karma-jasmine": "~1.1.2",
      "karma-jasmine-html-reporter": "^0.2.2",
      "protractor": "~5.4.0",
      "ts-node": "~7.0.0",
      "tslint": "~5.11.0",
      "typescript": "~3.5.3"
    },
    {
      "engines": {
        "node":"8.5.0",
        "yarn":"1.0.2",
      }
    }
  }

yarn manifest: 
  No manifest

Lockfile: 
  No lockfile
